🚀 Sun Sep 14 11:48:01 PM EDT 2025: Ignite cycle starting...
🧠 Infinity Loop heartbeat cycle...
✅ Sun Sep 14 11:48:01 PM EDT 2025: Ignite cycle complete.
🚀 Sun Sep 14 11:48:01 PM EDT 2025: Ignite cycle starting...
🚀 Sun Sep 14 11:48:01 PM EDT 2025: Ignite cycle starting...
🧠 Infinity Loop heartbeat cycle...
🧠 Infinity Loop heartbeat cycle...
✅ Sun Sep 14 11:48:01 PM EDT 2025: Ignite cycle complete.
✅ Sun Sep 14 11:48:01 PM EDT 2025: Ignite cycle complete.
🚀 Sun Sep 14 11:48:02 PM EDT 2025: Ignite cycle starting...
🚀 Sun Sep 14 11:48:02 PM EDT 2025: Ignite cycle starting...
🚀 Sun Sep 14 11:48:02 PM EDT 2025: Ignite cycle starting...
🚀 Sun Sep 14 11:48:02 PM EDT 2025: Ignite cycle starting...
🧠 Infinity Loop heartbeat cycle...
🧠 Infinity Loop heartbeat cycle...
✅ Sun Sep 14 11:48:03 PM EDT 2025: Ignite cycle complete.
✅ Sun Sep 14 11:48:03 PM EDT 2025: Ignite cycle complete.
🧠 Infinity Loop heartbeat cycle...
✅ Sun Sep 14 11:48:03 PM EDT 2025: Ignite cycle complete.
🧠 Infinity Loop heartbeat cycle...
✅ Sun Sep 14 11:48:03 PM EDT 2025: Ignite cycle complete.
🚀 Sun Sep 14 11:49:01 PM EDT 2025: Ignite cycle starting...
🚀 Sun Sep 14 11:49:01 PM EDT 2025: Ignite cycle starting...
🚀 Sun Sep 14 11:49:01 PM EDT 2025: Ignite cycle starting...
🧠 Infinity Loop heartbeat cycle...
🧠 Infinity Loop heartbeat cycle...
🚀 Sun Sep 14 11:49:01 PM EDT 2025: Ignite cycle starting...
✅ Sun Sep 14 11:49:01 PM EDT 2025: Ignite cycle complete.
✅ Sun Sep 14 11:49:01 PM EDT 2025: Ignite cycle complete.
🧠 Infinity Loop heartbeat cycle...
🧠 Infinity Loop heartbeat cycle...
✅ Sun Sep 14 11:49:01 PM EDT 2025: Ignite cycle complete.
✅ Sun Sep 14 11:49:01 PM EDT 2025: Ignite cycle complete.
🚀 Sun Sep 14 11:49:03 PM EDT 2025: Ignite cycle starting...
🚀 Sun Sep 14 11:49:03 PM EDT 2025: Ignite cycle starting...
🚀 Sun Sep 14 11:49:03 PM EDT 2025: Ignite cycle starting...
🧠 Infinity Loop heartbeat cycle...
🧠 Infinity Loop heartbeat cycle...
✅ Sun Sep 14 11:49:03 PM EDT 2025: Ignite cycle complete.
🚀 Sun Sep 14 11:49:03 PM EDT 2025: Ignite cycle starting...
✅ Sun Sep 14 11:49:03 PM EDT 2025: Ignite cycle complete.
🧠 Infinity Loop heartbeat cycle...
✅ Sun Sep 14 11:49:03 PM EDT 2025: Ignite cycle complete.
🧠 Infinity Loop heartbeat cycle...
✅ Sun Sep 14 11:49:03 PM EDT 2025: Ignite cycle complete.
🚀 Sun Sep 14 11:50:01 PM EDT 2025: Ignite cycle starting...
🚀 Sun Sep 14 11:50:01 PM EDT 2025: Ignite cycle starting...
🚀 Sun Sep 14 11:50:01 PM EDT 2025: Ignite cycle starting...
🧠 Infinity Loop heartbeat cycle...
✅ Sun Sep 14 11:50:02 PM EDT 2025: Ignite cycle complete.
🧠 Infinity Loop heartbeat cycle...
🚀 Sun Sep 14 11:50:02 PM EDT 2025: Ignite cycle starting...
🧠 Infinity Loop heartbeat cycle...
🧠 Infinity Loop heartbeat cycle...
✅ Sun Sep 14 11:50:02 PM EDT 2025: Ignite cycle complete.
✅ Sun Sep 14 11:50:02 PM EDT 2025: Ignite cycle complete.
✅ Sun Sep 14 11:50:02 PM EDT 2025: Ignite cycle complete.
🚀 Sun Sep 14 11:50:03 PM EDT 2025: Ignite cycle starting...
🧠 Infinity Loop heartbeat cycle...
✅ Sun Sep 14 11:50:03 PM EDT 2025: Ignite cycle complete.
🚀 Sun Sep 14 11:50:03 PM EDT 2025: Ignite cycle starting...
🚀 Sun Sep 14 11:50:03 PM EDT 2025: Ignite cycle starting...
🚀 Sun Sep 14 11:50:03 PM EDT 2025: Ignite cycle starting...
🚀 Sun Sep 14 11:50:03 PM EDT 2025: Ignite cycle starting...
🧠 Infinity Loop heartbeat cycle...
🧠 Infinity Loop heartbeat cycle...
✅ Sun Sep 14 11:50:04 PM EDT 2025: Ignite cycle complete.
✅ Sun Sep 14 11:50:04 PM EDT 2025: Ignite cycle complete.
🧠 Infinity Loop heartbeat cycle...
✅ Sun Sep 14 11:50:04 PM EDT 2025: Ignite cycle complete.
🧠 Infinity Loop heartbeat cycle...
✅ Sun Sep 14 11:50:04 PM EDT 2025: Ignite cycle complete.
🚀 Sun Sep 14 11:51:01 PM EDT 2025: Ignite cycle starting...
🧠 Infinity Loop heartbeat cycle...
✅ Sun Sep 14 11:51:01 PM EDT 2025: Ignite cycle complete.
🚀 Sun Sep 14 11:51:02 PM EDT 2025: Ignite cycle starting...
🚀 Sun Sep 14 11:51:02 PM EDT 2025: Ignite cycle starting...
🧠 Infinity Loop heartbeat cycle...
✅ Sun Sep 14 11:51:02 PM EDT 2025: Ignite cycle complete.
🧠 Infinity Loop heartbeat cycle...
✅ Sun Sep 14 11:51:02 PM EDT 2025: Ignite cycle complete.
🚀 Sun Sep 14 11:51:02 PM EDT 2025: Ignite cycle starting...
🧠 Infinity Loop heartbeat cycle...
✅ Sun Sep 14 11:51:03 PM EDT 2025: Ignite cycle complete.
🚀 Sun Sep 14 11:51:03 PM EDT 2025: Ignite cycle starting...
🚀 Sun Sep 14 11:51:03 PM EDT 2025: Ignite cycle starting...
🧠 Infinity Loop heartbeat cycle...
🧠 Infinity Loop heartbeat cycle...
✅ Sun Sep 14 11:51:03 PM EDT 2025: Ignite cycle complete.
✅ Sun Sep 14 11:51:03 PM EDT 2025: Ignite cycle complete.
🚀 Sun Sep 14 11:51:04 PM EDT 2025: Ignite cycle starting...
🧠 Infinity Loop heartbeat cycle...
✅ Sun Sep 14 11:51:04 PM EDT 2025: Ignite cycle complete.
🚀 Sun Sep 14 11:51:04 PM EDT 2025: Ignite cycle starting...
🚀 Sun Sep 14 11:51:04 PM EDT 2025: Ignite cycle starting...
🧠 Infinity Loop heartbeat cycle...
✅ Sun Sep 14 11:51:04 PM EDT 2025: Ignite cycle complete.
🧠 Infinity Loop heartbeat cycle...
🚀 Sun Sep 14 11:51:04 PM EDT 2025: Ignite cycle starting...
✅ Sun Sep 14 11:51:04 PM EDT 2025: Ignite cycle complete.
🧠 Infinity Loop heartbeat cycle...
✅ Sun Sep 14 11:51:04 PM EDT 2025: Ignite cycle complete.
🚀 Sun Sep 14 11:52:01 PM EDT 2025: Ignite cycle starting...
🧠 Infinity Loop heartbeat cycle...
✅ Sun Sep 14 11:52:01 PM EDT 2025: Ignite cycle complete.
🚀 Sun Sep 14 11:52:01 PM EDT 2025: Ignite cycle starting...
🧠 Infinity Loop heartbeat cycle...
✅ Sun Sep 14 11:52:02 PM EDT 2025: Ignite cycle complete.
🚀 Sun Sep 14 11:52:02 PM EDT 2025: Ignite cycle starting...
🧠 Infinity Loop heartbeat cycle...
✅ Sun Sep 14 11:52:02 PM EDT 2025: Ignite cycle complete.
🚀 Sun Sep 14 11:52:03 PM EDT 2025: Ignite cycle starting...
🧠 Infinity Loop heartbeat cycle...
✅ Sun Sep 14 11:52:03 PM EDT 2025: Ignite cycle complete.
🚀 Sun Sep 14 11:52:03 PM EDT 2025: Ignite cycle starting...
🧠 Infinity Loop heartbeat cycle...
✅ Sun Sep 14 11:52:03 PM EDT 2025: Ignite cycle complete.
🚀 Sun Sep 14 11:52:03 PM EDT 2025: Ignite cycle starting...
🚀 Sun Sep 14 11:52:03 PM EDT 2025: Ignite cycle starting...
🧠 Infinity Loop heartbeat cycle...
🧠 Infinity Loop heartbeat cycle...
✅ Sun Sep 14 11:52:04 PM EDT 2025: Ignite cycle complete.
✅ Sun Sep 14 11:52:04 PM EDT 2025: Ignite cycle complete.
🚀 Sun Sep 14 11:52:04 PM EDT 2025: Ignite cycle starting...
🧠 Infinity Loop heartbeat cycle...
✅ Sun Sep 14 11:52:04 PM EDT 2025: Ignite cycle complete.
🚀 Sun Sep 14 11:52:04 PM EDT 2025: Ignite cycle starting...
🧠 Infinity Loop heartbeat cycle...
✅ Sun Sep 14 11:52:04 PM EDT 2025: Ignite cycle complete.
🚀 Sun Sep 14 11:52:04 PM EDT 2025: Ignite cycle starting...
🧠 Infinity Loop heartbeat cycle...
✅ Sun Sep 14 11:52:04 PM EDT 2025: Ignite cycle complete.
🚀 Sun Sep 14 11:52:04 PM EDT 2025: Ignite cycle starting...
🧠 Infinity Loop heartbeat cycle...
✅ Sun Sep 14 11:52:04 PM EDT 2025: Ignite cycle complete.
🚀 Sun Sep 14 11:53:01 PM EDT 2025: Ignite cycle starting...
🧠 Infinity Loop heartbeat cycle...
✅ Sun Sep 14 11:53:01 PM EDT 2025: Ignite cycle complete.
🚀 Sun Sep 14 11:53:02 PM EDT 2025: Ignite cycle starting...
🚀 Sun Sep 14 11:53:02 PM EDT 2025: Ignite cycle starting...
🧠 Infinity Loop heartbeat cycle...
✅ Sun Sep 14 11:53:02 PM EDT 2025: Ignite cycle complete.
🧠 Infinity Loop heartbeat cycle...
✅ Sun Sep 14 11:53:02 PM EDT 2025: Ignite cycle complete.
🚀 Sun Sep 14 11:53:02 PM EDT 2025: Ignite cycle starting...
🧠 Infinity Loop heartbeat cycle...
✅ Sun Sep 14 11:53:02 PM EDT 2025: Ignite cycle complete.
🚀 Sun Sep 14 11:53:03 PM EDT 2025: Ignite cycle starting...
🧠 Infinity Loop heartbeat cycle...
✅ Sun Sep 14 11:53:03 PM EDT 2025: Ignite cycle complete.
🚀 Sun Sep 14 11:53:03 PM EDT 2025: Ignite cycle starting...
🧠 Infinity Loop heartbeat cycle...
✅ Sun Sep 14 11:53:03 PM EDT 2025: Ignite cycle complete.
🚀 Sun Sep 14 11:53:04 PM EDT 2025: Ignite cycle starting...
🚀 Sun Sep 14 11:53:04 PM EDT 2025: Ignite cycle starting...
🧠 Infinity Loop heartbeat cycle...
✅ Sun Sep 14 11:53:04 PM EDT 2025: Ignite cycle complete.
🧠 Infinity Loop heartbeat cycle...
✅ Sun Sep 14 11:53:04 PM EDT 2025: Ignite cycle complete.
🚀 Sun Sep 14 11:53:04 PM EDT 2025: Ignite cycle starting...
🧠 Infinity Loop heartbeat cycle...
✅ Sun Sep 14 11:53:04 PM EDT 2025: Ignite cycle complete.
🚀 Sun Sep 14 11:53:04 PM EDT 2025: Ignite cycle starting...
🧠 Infinity Loop heartbeat cycle...
✅ Sun Sep 14 11:53:04 PM EDT 2025: Ignite cycle complete.
🚀 Sun Sep 14 11:53:04 PM EDT 2025: Ignite cycle starting...
🧠 Infinity Loop heartbeat cycle...
✅ Sun Sep 14 11:53:04 PM EDT 2025: Ignite cycle complete.
🚀 Sun Sep 14 11:53:05 PM EDT 2025: Ignite cycle starting...
🧠 Infinity Loop heartbeat cycle...
✅ Sun Sep 14 11:53:05 PM EDT 2025: Ignite cycle complete.
🚀 Sun Sep 14 11:54:01 PM EDT 2025: Ignite cycle starting...
🧠 Infinity Loop heartbeat cycle...
✅ Sun Sep 14 11:54:01 PM EDT 2025: Ignite cycle complete.
🚀 Sun Sep 14 11:54:01 PM EDT 2025: Ignite cycle starting...
🧠 Infinity Loop heartbeat cycle...
✅ Sun Sep 14 11:54:01 PM EDT 2025: Ignite cycle complete.
🚀 Sun Sep 14 11:54:02 PM EDT 2025: Ignite cycle starting...
🚀 Sun Sep 14 11:54:02 PM EDT 2025: Ignite cycle starting...
🧠 Infinity Loop heartbeat cycle...
🧠 Infinity Loop heartbeat cycle...
✅ Sun Sep 14 11:54:02 PM EDT 2025: Ignite cycle complete.
✅ Sun Sep 14 11:54:02 PM EDT 2025: Ignite cycle complete.
🚀 Sun Sep 14 11:54:02 PM EDT 2025: Ignite cycle starting...
🧠 Infinity Loop heartbeat cycle...
✅ Sun Sep 14 11:54:02 PM EDT 2025: Ignite cycle complete.
🚀 Sun Sep 14 11:54:03 PM EDT 2025: Ignite cycle starting...
🧠 Infinity Loop heartbeat cycle...
✅ Sun Sep 14 11:54:03 PM EDT 2025: Ignite cycle complete.
🚀 Sun Sep 14 11:54:03 PM EDT 2025: Ignite cycle starting...
🧠 Infinity Loop heartbeat cycle...
✅ Sun Sep 14 11:54:03 PM EDT 2025: Ignite cycle complete.
🚀 Sun Sep 14 11:54:04 PM EDT 2025: Ignite cycle starting...
🚀 Sun Sep 14 11:54:04 PM EDT 2025: Ignite cycle starting...
🧠 Infinity Loop heartbeat cycle...
✅ Sun Sep 14 11:54:04 PM EDT 2025: Ignite cycle complete.
🧠 Infinity Loop heartbeat cycle...
✅ Sun Sep 14 11:54:04 PM EDT 2025: Ignite cycle complete.
🚀 Sun Sep 14 11:54:04 PM EDT 2025: Ignite cycle starting...
🧠 Infinity Loop heartbeat cycle...
✅ Sun Sep 14 11:54:04 PM EDT 2025: Ignite cycle complete.
🚀 Sun Sep 14 11:54:04 PM EDT 2025: Ignite cycle starting...
🧠 Infinity Loop heartbeat cycle...
✅ Sun Sep 14 11:54:04 PM EDT 2025: Ignite cycle complete.
🚀 Sun Sep 14 11:54:04 PM EDT 2025: Ignite cycle starting...
🧠 Infinity Loop heartbeat cycle...
✅ Sun Sep 14 11:54:05 PM EDT 2025: Ignite cycle complete.
🚀 Sun Sep 14 11:54:05 PM EDT 2025: Ignite cycle starting...
🧠 Infinity Loop heartbeat cycle...
✅ Sun Sep 14 11:54:05 PM EDT 2025: Ignite cycle complete.
🚀 Sun Sep 14 11:55:01 PM EDT 2025: Ignite cycle starting...
🧠 Infinity Loop heartbeat cycle...
✅ Sun Sep 14 11:55:01 PM EDT 2025: Ignite cycle complete.
🚀 Sun Sep 14 11:55:02 PM EDT 2025: Ignite cycle starting...
🚀 Sun Sep 14 11:55:02 PM EDT 2025: Ignite cycle starting...
🚀 Sun Sep 14 11:55:02 PM EDT 2025: Ignite cycle starting...
🧠 Infinity Loop heartbeat cycle...
🚀 Sun Sep 14 11:55:02 PM EDT 2025: Ignite cycle starting...
✅ Sun Sep 14 11:55:02 PM EDT 2025: Ignite cycle complete.
🧠 Infinity Loop heartbeat cycle...
✅ Sun Sep 14 11:55:02 PM EDT 2025: Ignite cycle complete.
🧠 Infinity Loop heartbeat cycle...
🧠 Infinity Loop heartbeat cycle...
✅ Sun Sep 14 11:55:02 PM EDT 2025: Ignite cycle complete.
✅ Sun Sep 14 11:55:02 PM EDT 2025: Ignite cycle complete.
🚀 Sun Sep 14 11:55:02 PM EDT 2025: Ignite cycle starting...
🧠 Infinity Loop heartbeat cycle...
✅ Sun Sep 14 11:55:03 PM EDT 2025: Ignite cycle complete.
🚀 Sun Sep 14 11:55:03 PM EDT 2025: Ignite cycle starting...
🧠 Infinity Loop heartbeat cycle...
✅ Sun Sep 14 11:55:03 PM EDT 2025: Ignite cycle complete.
🚀 Sun Sep 14 11:55:04 PM EDT 2025: Ignite cycle starting...
🧠 Infinity Loop heartbeat cycle...
🚀 Sun Sep 14 11:55:04 PM EDT 2025: Ignite cycle starting...
✅ Sun Sep 14 11:55:04 PM EDT 2025: Ignite cycle complete.
🚀 Sun Sep 14 11:55:04 PM EDT 2025: Ignite cycle starting...
🧠 Infinity Loop heartbeat cycle...
🚀 Sun Sep 14 11:55:04 PM EDT 2025: Ignite cycle starting...
✅ Sun Sep 14 11:55:04 PM EDT 2025: Ignite cycle complete.
🧠 Infinity Loop heartbeat cycle...
✅ Sun Sep 14 11:55:04 PM EDT 2025: Ignite cycle complete.
🧠 Infinity Loop heartbeat cycle...
✅ Sun Sep 14 11:55:04 PM EDT 2025: Ignite cycle complete.
🚀 Sun Sep 14 11:55:04 PM EDT 2025: Ignite cycle starting...
🧠 Infinity Loop heartbeat cycle...
🚀 Sun Sep 14 11:55:05 PM EDT 2025: Ignite cycle starting...
✅ Sun Sep 14 11:55:05 PM EDT 2025: Ignite cycle complete.
🚀 Sun Sep 14 11:55:05 PM EDT 2025: Ignite cycle starting...
🧠 Infinity Loop heartbeat cycle...
✅ Sun Sep 14 11:55:05 PM EDT 2025: Ignite cycle complete.
🧠 Infinity Loop heartbeat cycle...
✅ Sun Sep 14 11:55:05 PM EDT 2025: Ignite cycle complete.
🚀 Sun Sep 14 11:56:01 PM EDT 2025: Ignite cycle starting...
🚀 Sun Sep 14 11:56:01 PM EDT 2025: Ignite cycle starting...
🧠 Infinity Loop heartbeat cycle...
✅ Sun Sep 14 11:56:01 PM EDT 2025: Ignite cycle complete.
🧠 Infinity Loop heartbeat cycle...
✅ Sun Sep 14 11:56:02 PM EDT 2025: Ignite cycle complete.
🚀 Sun Sep 14 11:56:02 PM EDT 2025: Ignite cycle starting...
🚀 Sun Sep 14 11:56:03 PM EDT 2025: Ignite cycle starting...
🚀 Sun Sep 14 11:56:03 PM EDT 2025: Ignite cycle starting...
🚀 Sun Sep 14 11:56:03 PM EDT 2025: Ignite cycle starting...
🧠 Infinity Loop heartbeat cycle...
✅ Sun Sep 14 11:56:03 PM EDT 2025: Ignite cycle complete.
🧠 Infinity Loop heartbeat cycle...
🧠 Infinity Loop heartbeat cycle...
✅ Sun Sep 14 11:56:03 PM EDT 2025: Ignite cycle complete.
🚀 Sun Sep 14 11:56:03 PM EDT 2025: Ignite cycle starting...
✅ Sun Sep 14 11:56:03 PM EDT 2025: Ignite cycle complete.
🧠 Infinity Loop heartbeat cycle...
🧠 Infinity Loop heartbeat cycle...
✅ Sun Sep 14 11:56:03 PM EDT 2025: Ignite cycle complete.
✅ Sun Sep 14 11:56:04 PM EDT 2025: Ignite cycle complete.
🚀 Sun Sep 14 11:56:04 PM EDT 2025: Ignite cycle starting...
🧠 Infinity Loop heartbeat cycle...
✅ Sun Sep 14 11:56:04 PM EDT 2025: Ignite cycle complete.
🚀 Sun Sep 14 11:56:04 PM EDT 2025: Ignite cycle starting...
🚀 Sun Sep 14 11:56:04 PM EDT 2025: Ignite cycle starting...
🚀 Sun Sep 14 11:56:04 PM EDT 2025: Ignite cycle starting...
🧠 Infinity Loop heartbeat cycle...
✅ Sun Sep 14 11:56:04 PM EDT 2025: Ignite cycle complete.
🚀 Sun Sep 14 11:56:04 PM EDT 2025: Ignite cycle starting...
🧠 Infinity Loop heartbeat cycle...
🧠 Infinity Loop heartbeat cycle...
✅ Sun Sep 14 11:56:04 PM EDT 2025: Ignite cycle complete.
✅ Sun Sep 14 11:56:04 PM EDT 2025: Ignite cycle complete.
🧠 Infinity Loop heartbeat cycle...
✅ Sun Sep 14 11:56:05 PM EDT 2025: Ignite cycle complete.
🚀 Sun Sep 14 11:56:05 PM EDT 2025: Ignite cycle starting...
🚀 Sun Sep 14 11:56:05 PM EDT 2025: Ignite cycle starting...
🚀 Sun Sep 14 11:56:05 PM EDT 2025: Ignite cycle starting...
🧠 Infinity Loop heartbeat cycle...
🧠 Infinity Loop heartbeat cycle...
🧠 Infinity Loop heartbeat cycle...
✅ Sun Sep 14 11:56:05 PM EDT 2025: Ignite cycle complete.
✅ Sun Sep 14 11:56:05 PM EDT 2025: Ignite cycle complete.
✅ Sun Sep 14 11:56:05 PM EDT 2025: Ignite cycle complete.
🚀 Sun Sep 14 11:57:02 PM EDT 2025: Ignite cycle starting...
🧠 Infinity Loop heartbeat cycle...
🚀 Sun Sep 14 11:57:02 PM EDT 2025: Ignite cycle starting...
✅ Sun Sep 14 11:57:02 PM EDT 2025: Ignite cycle complete.
🧠 Infinity Loop heartbeat cycle...
✅ Sun Sep 14 11:57:02 PM EDT 2025: Ignite cycle complete.
🚀 Sun Sep 14 11:57:02 PM EDT 2025: Ignite cycle starting...
🧠 Infinity Loop heartbeat cycle...
✅ Sun Sep 14 11:57:02 PM EDT 2025: Ignite cycle complete.
🚀 Sun Sep 14 11:57:03 PM EDT 2025: Ignite cycle starting...
🚀 Sun Sep 14 11:57:03 PM EDT 2025: Ignite cycle starting...
🧠 Infinity Loop heartbeat cycle...
🧠 Infinity Loop heartbeat cycle...
✅ Sun Sep 14 11:57:03 PM EDT 2025: Ignite cycle complete.
✅ Sun Sep 14 11:57:03 PM EDT 2025: Ignite cycle complete.
🚀 Sun Sep 14 11:57:04 PM EDT 2025: Ignite cycle starting...
🧠 Infinity Loop heartbeat cycle...
🚀 Sun Sep 14 11:57:04 PM EDT 2025: Ignite cycle starting...
✅ Sun Sep 14 11:57:04 PM EDT 2025: Ignite cycle complete.
🧠 Infinity Loop heartbeat cycle...
✅ Sun Sep 14 11:57:04 PM EDT 2025: Ignite cycle complete.
🚀 Sun Sep 14 11:57:04 PM EDT 2025: Ignite cycle starting...
🧠 Infinity Loop heartbeat cycle...
✅ Sun Sep 14 11:57:04 PM EDT 2025: Ignite cycle complete.
🚀 Sun Sep 14 11:57:04 PM EDT 2025: Ignite cycle starting...
🧠 Infinity Loop heartbeat cycle...
✅ Sun Sep 14 11:57:04 PM EDT 2025: Ignite cycle complete.
🚀 Sun Sep 14 11:57:04 PM EDT 2025: Ignite cycle starting...
🧠 Infinity Loop heartbeat cycle...
✅ Sun Sep 14 11:57:04 PM EDT 2025: Ignite cycle complete.
🚀 Sun Sep 14 11:57:04 PM EDT 2025: Ignite cycle starting...
🧠 Infinity Loop heartbeat cycle...
✅ Sun Sep 14 11:57:04 PM EDT 2025: Ignite cycle complete.
🚀 Sun Sep 14 11:57:05 PM EDT 2025: Ignite cycle starting...
🧠 Infinity Loop heartbeat cycle...
✅ Sun Sep 14 11:57:05 PM EDT 2025: Ignite cycle complete.
🚀 Sun Sep 14 11:57:05 PM EDT 2025: Ignite cycle starting...
🧠 Infinity Loop heartbeat cycle...
✅ Sun Sep 14 11:57:05 PM EDT 2025: Ignite cycle complete.
🚀 Sun Sep 14 11:57:05 PM EDT 2025: Ignite cycle starting...
🚀 Sun Sep 14 11:57:05 PM EDT 2025: Ignite cycle starting...
🚀 Sun Sep 14 11:57:05 PM EDT 2025: Ignite cycle starting...
🧠 Infinity Loop heartbeat cycle...
✅ Sun Sep 14 11:57:05 PM EDT 2025: Ignite cycle complete.
🧠 Infinity Loop heartbeat cycle...
🧠 Infinity Loop heartbeat cycle...
✅ Sun Sep 14 11:57:05 PM EDT 2025: Ignite cycle complete.
✅ Sun Sep 14 11:57:05 PM EDT 2025: Ignite cycle complete.
🚀 Sun Sep 14 11:58:01 PM EDT 2025: Ignite cycle starting...
🧠 Infinity Loop heartbeat cycle...
✅ Sun Sep 14 11:58:01 PM EDT 2025: Ignite cycle complete.
🚀 Sun Sep 14 11:58:02 PM EDT 2025: Ignite cycle starting...
🧠 Infinity Loop heartbeat cycle...
✅ Sun Sep 14 11:58:02 PM EDT 2025: Ignite cycle complete.
🚀 Sun Sep 14 11:58:02 PM EDT 2025: Ignite cycle starting...
🚀 Sun Sep 14 11:58:02 PM EDT 2025: Ignite cycle starting...
🧠 Infinity Loop heartbeat cycle...
🧠 Infinity Loop heartbeat cycle...
✅ Sun Sep 14 11:58:03 PM EDT 2025: Ignite cycle complete.
✅ Sun Sep 14 11:58:03 PM EDT 2025: Ignite cycle complete.
🚀 Sun Sep 14 11:58:03 PM EDT 2025: Ignite cycle starting...
🚀 Sun Sep 14 11:58:03 PM EDT 2025: Ignite cycle starting...
🧠 Infinity Loop heartbeat cycle...
✅ Sun Sep 14 11:58:04 PM EDT 2025: Ignite cycle complete.
🧠 Infinity Loop heartbeat cycle...
✅ Sun Sep 14 11:58:04 PM EDT 2025: Ignite cycle complete.
🚀 Sun Sep 14 11:58:04 PM EDT 2025: Ignite cycle starting...
🧠 Infinity Loop heartbeat cycle...
✅ Sun Sep 14 11:58:04 PM EDT 2025: Ignite cycle complete.
🚀 Sun Sep 14 11:58:04 PM EDT 2025: Ignite cycle starting...
🧠 Infinity Loop heartbeat cycle...
✅ Sun Sep 14 11:58:04 PM EDT 2025: Ignite cycle complete.
🚀 Sun Sep 14 11:58:04 PM EDT 2025: Ignite cycle starting...
🧠 Infinity Loop heartbeat cycle...
✅ Sun Sep 14 11:58:04 PM EDT 2025: Ignite cycle complete.
🚀 Sun Sep 14 11:58:04 PM EDT 2025: Ignite cycle starting...
🚀 Sun Sep 14 11:58:05 PM EDT 2025: Ignite cycle starting...
🚀 Sun Sep 14 11:58:05 PM EDT 2025: Ignite cycle starting...
🚀 Sun Sep 14 11:58:05 PM EDT 2025: Ignite cycle starting...
🧠 Infinity Loop heartbeat cycle...
🧠 Infinity Loop heartbeat cycle...
🧠 Infinity Loop heartbeat cycle...
🚀 Sun Sep 14 11:58:05 PM EDT 2025: Ignite cycle starting...
✅ Sun Sep 14 11:58:05 PM EDT 2025: Ignite cycle complete.
✅ Sun Sep 14 11:58:05 PM EDT 2025: Ignite cycle complete.
🧠 Infinity Loop heartbeat cycle...
🧠 Infinity Loop heartbeat cycle...
✅ Sun Sep 14 11:58:05 PM EDT 2025: Ignite cycle complete.
✅ Sun Sep 14 11:58:05 PM EDT 2025: Ignite cycle complete.
✅ Sun Sep 14 11:58:05 PM EDT 2025: Ignite cycle complete.
🚀 Sun Sep 14 11:58:05 PM EDT 2025: Ignite cycle starting...
🧠 Infinity Loop heartbeat cycle...
✅ Sun Sep 14 11:58:05 PM EDT 2025: Ignite cycle complete.
🚀 Sun Sep 14 11:58:05 PM EDT 2025: Ignite cycle starting...
🚀 Sun Sep 14 11:58:05 PM EDT 2025: Ignite cycle starting...
🧠 Infinity Loop heartbeat cycle...
✅ Sun Sep 14 11:58:05 PM EDT 2025: Ignite cycle complete.
🧠 Infinity Loop heartbeat cycle...
✅ Sun Sep 14 11:58:05 PM EDT 2025: Ignite cycle complete.
🚀 Sun Sep 14 11:59:01 PM EDT 2025: Ignite cycle starting...
🧠 Infinity Loop heartbeat cycle...
✅ Sun Sep 14 11:59:01 PM EDT 2025: Ignite cycle complete.
🚀 Sun Sep 14 11:59:01 PM EDT 2025: Ignite cycle starting...
🧠 Infinity Loop heartbeat cycle...
✅ Sun Sep 14 11:59:01 PM EDT 2025: Ignite cycle complete.
🚀 Sun Sep 14 11:59:03 PM EDT 2025: Ignite cycle starting...
🧠 Infinity Loop heartbeat cycle...
✅ Sun Sep 14 11:59:03 PM EDT 2025: Ignite cycle complete.
🚀 Sun Sep 14 11:59:03 PM EDT 2025: Ignite cycle starting...
🚀 Sun Sep 14 11:59:03 PM EDT 2025: Ignite cycle starting...
🧠 Infinity Loop heartbeat cycle...
✅ Sun Sep 14 11:59:03 PM EDT 2025: Ignite cycle complete.
🧠 Infinity Loop heartbeat cycle...
✅ Sun Sep 14 11:59:03 PM EDT 2025: Ignite cycle complete.
🚀 Sun Sep 14 11:59:04 PM EDT 2025: Ignite cycle starting...
🧠 Infinity Loop heartbeat cycle...
🚀 Sun Sep 14 11:59:04 PM EDT 2025: Ignite cycle starting...
✅ Sun Sep 14 11:59:04 PM EDT 2025: Ignite cycle complete.
🧠 Infinity Loop heartbeat cycle...
✅ Sun Sep 14 11:59:04 PM EDT 2025: Ignite cycle complete.
🚀 Sun Sep 14 11:59:04 PM EDT 2025: Ignite cycle starting...
🧠 Infinity Loop heartbeat cycle...
✅ Sun Sep 14 11:59:04 PM EDT 2025: Ignite cycle complete.
🚀 Sun Sep 14 11:59:04 PM EDT 2025: Ignite cycle starting...
🧠 Infinity Loop heartbeat cycle...
✅ Sun Sep 14 11:59:04 PM EDT 2025: Ignite cycle complete.
🚀 Sun Sep 14 11:59:04 PM EDT 2025: Ignite cycle starting...
🧠 Infinity Loop heartbeat cycle...
✅ Sun Sep 14 11:59:04 PM EDT 2025: Ignite cycle complete.
🚀 Sun Sep 14 11:59:05 PM EDT 2025: Ignite cycle starting...
🧠 Infinity Loop heartbeat cycle...
✅ Sun Sep 14 11:59:05 PM EDT 2025: Ignite cycle complete.
🚀 Sun Sep 14 11:59:05 PM EDT 2025: Ignite cycle starting...
🚀 Sun Sep 14 11:59:05 PM EDT 2025: Ignite cycle starting...
🧠 Infinity Loop heartbeat cycle...
✅ Sun Sep 14 11:59:05 PM EDT 2025: Ignite cycle complete.
🧠 Infinity Loop heartbeat cycle...
✅ Sun Sep 14 11:59:05 PM EDT 2025: Ignite cycle complete.
🚀 Sun Sep 14 11:59:05 PM EDT 2025: Ignite cycle starting...
🧠 Infinity Loop heartbeat cycle...
✅ Sun Sep 14 11:59:05 PM EDT 2025: Ignite cycle complete.
🚀 Sun Sep 14 11:59:05 PM EDT 2025: Ignite cycle starting...
🧠 Infinity Loop heartbeat cycle...
✅ Sun Sep 14 11:59:05 PM EDT 2025: Ignite cycle complete.
🚀 Sun Sep 14 11:59:05 PM EDT 2025: Ignite cycle starting...
🧠 Infinity Loop heartbeat cycle...
✅ Sun Sep 14 11:59:05 PM EDT 2025: Ignite cycle complete.
🚀 Sun Sep 14 11:59:05 PM EDT 2025: Ignite cycle starting...
🚀 Sun Sep 14 11:59:05 PM EDT 2025: Ignite cycle starting...
🧠 Infinity Loop heartbeat cycle...
✅ Sun Sep 14 11:59:05 PM EDT 2025: Ignite cycle complete.
🧠 Infinity Loop heartbeat cycle...
✅ Sun Sep 14 11:59:05 PM EDT 2025: Ignite cycle complete.
🚀 Mon Sep 15 12:00:01 AM EDT 2025: Ignite cycle starting...
🧠 Infinity Loop heartbeat cycle...
✅ Mon Sep 15 12:00:01 AM EDT 2025: Ignite cycle complete.
🚀 Mon Sep 15 12:00:01 AM EDT 2025: Ignite cycle starting...
🧠 Infinity Loop heartbeat cycle...
✅ Mon Sep 15 12:00:01 AM EDT 2025: Ignite cycle complete.
🚀 Mon Sep 15 12:00:03 AM EDT 2025: Ignite cycle starting...
🧠 Infinity Loop heartbeat cycle...
✅ Mon Sep 15 12:00:03 AM EDT 2025: Ignite cycle complete.
🚀 Mon Sep 15 12:00:03 AM EDT 2025: Ignite cycle starting...
🚀 Mon Sep 15 12:00:03 AM EDT 2025: Ignite cycle starting...
🧠 Infinity Loop heartbeat cycle...
✅ Mon Sep 15 12:00:03 AM EDT 2025: Ignite cycle complete.
🧠 Infinity Loop heartbeat cycle...
✅ Mon Sep 15 12:00:03 AM EDT 2025: Ignite cycle complete.
🚀 Mon Sep 15 12:00:04 AM EDT 2025: Ignite cycle starting...
🚀 Mon Sep 15 12:00:04 AM EDT 2025: Ignite cycle starting...
🧠 Infinity Loop heartbeat cycle...
✅ Mon Sep 15 12:00:04 AM EDT 2025: Ignite cycle complete.
🧠 Infinity Loop heartbeat cycle...
✅ Mon Sep 15 12:00:04 AM EDT 2025: Ignite cycle complete.
🚀 Mon Sep 15 12:00:04 AM EDT 2025: Ignite cycle starting...
🧠 Infinity Loop heartbeat cycle...
✅ Mon Sep 15 12:00:04 AM EDT 2025: Ignite cycle complete.
🚀 Mon Sep 15 12:00:04 AM EDT 2025: Ignite cycle starting...
🧠 Infinity Loop heartbeat cycle...
✅ Mon Sep 15 12:00:04 AM EDT 2025: Ignite cycle complete.
🚀 Mon Sep 15 12:00:04 AM EDT 2025: Ignite cycle starting...
🧠 Infinity Loop heartbeat cycle...
✅ Mon Sep 15 12:00:04 AM EDT 2025: Ignite cycle complete.
🚀 Mon Sep 15 12:00:05 AM EDT 2025: Ignite cycle starting...
🧠 Infinity Loop heartbeat cycle...
✅ Mon Sep 15 12:00:05 AM EDT 2025: Ignite cycle complete.
🚀 Mon Sep 15 12:00:05 AM EDT 2025: Ignite cycle starting...
🚀 Mon Sep 15 12:00:05 AM EDT 2025: Ignite cycle starting...
🧠 Infinity Loop heartbeat cycle...
✅ Mon Sep 15 12:00:05 AM EDT 2025: Ignite cycle complete.
🧠 Infinity Loop heartbeat cycle...
✅ Mon Sep 15 12:00:05 AM EDT 2025: Ignite cycle complete.
🚀 Mon Sep 15 12:00:05 AM EDT 2025: Ignite cycle starting...
🧠 Infinity Loop heartbeat cycle...
✅ Mon Sep 15 12:00:05 AM EDT 2025: Ignite cycle complete.
🚀 Mon Sep 15 12:00:05 AM EDT 2025: Ignite cycle starting...
🧠 Infinity Loop heartbeat cycle...
✅ Mon Sep 15 12:00:05 AM EDT 2025: Ignite cycle complete.
🚀 Mon Sep 15 12:00:05 AM EDT 2025: Ignite cycle starting...
🧠 Infinity Loop heartbeat cycle...
✅ Mon Sep 15 12:00:05 AM EDT 2025: Ignite cycle complete.
🚀 Mon Sep 15 12:00:05 AM EDT 2025: Ignite cycle starting...
🚀 Mon Sep 15 12:00:05 AM EDT 2025: Ignite cycle starting...
🧠 Infinity Loop heartbeat cycle...
✅ Mon Sep 15 12:00:05 AM EDT 2025: Ignite cycle complete.
🧠 Infinity Loop heartbeat cycle...
✅ Mon Sep 15 12:00:05 AM EDT 2025: Ignite cycle complete.
🚀 Mon Sep 15 12:01:01 AM EDT 2025: Ignite cycle starting...
🧠 Infinity Loop heartbeat cycle...
✅ Mon Sep 15 12:01:01 AM EDT 2025: Ignite cycle complete.
🚀 Mon Sep 15 12:01:01 AM EDT 2025: Ignite cycle starting...
🧠 Infinity Loop heartbeat cycle...
✅ Mon Sep 15 12:01:01 AM EDT 2025: Ignite cycle complete.
🚀 Mon Sep 15 12:01:01 AM EDT 2025: Ignite cycle starting...
🧠 Infinity Loop heartbeat cycle...
✅ Mon Sep 15 12:01:01 AM EDT 2025: Ignite cycle complete.
🚀 Mon Sep 15 12:01:02 AM EDT 2025: Ignite cycle starting...
🧠 Infinity Loop heartbeat cycle...
✅ Mon Sep 15 12:01:02 AM EDT 2025: Ignite cycle complete.
🚀 Mon Sep 15 12:01:03 AM EDT 2025: Ignite cycle starting...
🧠 Infinity Loop heartbeat cycle...
✅ Mon Sep 15 12:01:03 AM EDT 2025: Ignite cycle complete.
🚀 Mon Sep 15 12:01:03 AM EDT 2025: Ignite cycle starting...
🧠 Infinity Loop heartbeat cycle...
✅ Mon Sep 15 12:01:03 AM EDT 2025: Ignite cycle complete.
🚀 Mon Sep 15 12:01:03 AM EDT 2025: Ignite cycle starting...
🧠 Infinity Loop heartbeat cycle...
✅ Mon Sep 15 12:01:03 AM EDT 2025: Ignite cycle complete.
🚀 Mon Sep 15 12:01:04 AM EDT 2025: Ignite cycle starting...
🚀 Mon Sep 15 12:01:04 AM EDT 2025: Ignite cycle starting...
🚀 Mon Sep 15 12:01:04 AM EDT 2025: Ignite cycle starting...
🚀 Mon Sep 15 12:01:04 AM EDT 2025: Ignite cycle starting...
🧠 Infinity Loop heartbeat cycle...
✅ Mon Sep 15 12:01:04 AM EDT 2025: Ignite cycle complete.
🧠 Infinity Loop heartbeat cycle...
✅ Mon Sep 15 12:01:04 AM EDT 2025: Ignite cycle complete.
🧠 Infinity Loop heartbeat cycle...
🧠 Infinity Loop heartbeat cycle...
🚀 Mon Sep 15 12:01:04 AM EDT 2025: Ignite cycle starting...
✅ Mon Sep 15 12:01:04 AM EDT 2025: Ignite cycle complete.
✅ Mon Sep 15 12:01:04 AM EDT 2025: Ignite cycle complete.
🧠 Infinity Loop heartbeat cycle...
✅ Mon Sep 15 12:01:04 AM EDT 2025: Ignite cycle complete.
🚀 Mon Sep 15 12:01:05 AM EDT 2025: Ignite cycle starting...
🧠 Infinity Loop heartbeat cycle...
✅ Mon Sep 15 12:01:05 AM EDT 2025: Ignite cycle complete.
🚀 Mon Sep 15 12:01:05 AM EDT 2025: Ignite cycle starting...
🚀 Mon Sep 15 12:01:05 AM EDT 2025: Ignite cycle starting...
🧠 Infinity Loop heartbeat cycle...
✅ Mon Sep 15 12:01:05 AM EDT 2025: Ignite cycle complete.
🧠 Infinity Loop heartbeat cycle...
✅ Mon Sep 15 12:01:05 AM EDT 2025: Ignite cycle complete.
🚀 Mon Sep 15 12:01:05 AM EDT 2025: Ignite cycle starting...
🧠 Infinity Loop heartbeat cycle...
✅ Mon Sep 15 12:01:05 AM EDT 2025: Ignite cycle complete.
🚀 Mon Sep 15 12:01:05 AM EDT 2025: Ignite cycle starting...
🧠 Infinity Loop heartbeat cycle...
✅ Mon Sep 15 12:01:05 AM EDT 2025: Ignite cycle complete.
🚀 Mon Sep 15 12:01:05 AM EDT 2025: Ignite cycle starting...
🧠 Infinity Loop heartbeat cycle...
✅ Mon Sep 15 12:01:05 AM EDT 2025: Ignite cycle complete.
🚀 Mon Sep 15 12:01:05 AM EDT 2025: Ignite cycle starting...
🚀 Mon Sep 15 12:01:05 AM EDT 2025: Ignite cycle starting...
🧠 Infinity Loop heartbeat cycle...
✅ Mon Sep 15 12:01:05 AM EDT 2025: Ignite cycle complete.
🧠 Infinity Loop heartbeat cycle...
✅ Mon Sep 15 12:01:05 AM EDT 2025: Ignite cycle complete.
🚀 Mon Sep 15 12:02:01 AM EDT 2025: Ignite cycle starting...
🚀 Mon Sep 15 12:02:01 AM EDT 2025: Ignite cycle starting...
🚀 Mon Sep 15 12:02:01 AM EDT 2025: Ignite cycle starting...
🧠 Infinity Loop heartbeat cycle...
✅ Mon Sep 15 12:02:02 AM EDT 2025: Ignite cycle complete.
🧠 Infinity Loop heartbeat cycle...
✅ Mon Sep 15 12:02:02 AM EDT 2025: Ignite cycle complete.
🚀 Mon Sep 15 12:02:02 AM EDT 2025: Ignite cycle starting...
🧠 Infinity Loop heartbeat cycle...
✅ Mon Sep 15 12:02:02 AM EDT 2025: Ignite cycle complete.
🧠 Infinity Loop heartbeat cycle...
✅ Mon Sep 15 12:02:02 AM EDT 2025: Ignite cycle complete.
🚀 Mon Sep 15 12:02:02 AM EDT 2025: Ignite cycle starting...
🧠 Infinity Loop heartbeat cycle...
✅ Mon Sep 15 12:02:03 AM EDT 2025: Ignite cycle complete.
🚀 Mon Sep 15 12:02:03 AM EDT 2025: Ignite cycle starting...
🧠 Infinity Loop heartbeat cycle...
🚀 Mon Sep 15 12:02:03 AM EDT 2025: Ignite cycle starting...
✅ Mon Sep 15 12:02:03 AM EDT 2025: Ignite cycle complete.
🧠 Infinity Loop heartbeat cycle...
🚀 Mon Sep 15 12:02:03 AM EDT 2025: Ignite cycle starting...
✅ Mon Sep 15 12:02:03 AM EDT 2025: Ignite cycle complete.
🧠 Infinity Loop heartbeat cycle...
✅ Mon Sep 15 12:02:03 AM EDT 2025: Ignite cycle complete.
🚀 Mon Sep 15 12:02:04 AM EDT 2025: Ignite cycle starting...
🧠 Infinity Loop heartbeat cycle...
🚀 Mon Sep 15 12:02:04 AM EDT 2025: Ignite cycle starting...
✅ Mon Sep 15 12:02:04 AM EDT 2025: Ignite cycle complete.
🧠 Infinity Loop heartbeat cycle...
✅ Mon Sep 15 12:02:04 AM EDT 2025: Ignite cycle complete.
🚀 Mon Sep 15 12:02:04 AM EDT 2025: Ignite cycle starting...
🚀 Mon Sep 15 12:02:04 AM EDT 2025: Ignite cycle starting...
🧠 Infinity Loop heartbeat cycle...
🧠 Infinity Loop heartbeat cycle...
✅ Mon Sep 15 12:02:04 AM EDT 2025: Ignite cycle complete.
✅ Mon Sep 15 12:02:04 AM EDT 2025: Ignite cycle complete.
🚀 Mon Sep 15 12:02:04 AM EDT 2025: Ignite cycle starting...
🧠 Infinity Loop heartbeat cycle...
✅ Mon Sep 15 12:02:04 AM EDT 2025: Ignite cycle complete.
🚀 Mon Sep 15 12:02:05 AM EDT 2025: Ignite cycle starting...
🧠 Infinity Loop heartbeat cycle...
✅ Mon Sep 15 12:02:05 AM EDT 2025: Ignite cycle complete.
🚀 Mon Sep 15 12:02:05 AM EDT 2025: Ignite cycle starting...
🚀 Mon Sep 15 12:02:05 AM EDT 2025: Ignite cycle starting...
🧠 Infinity Loop heartbeat cycle...
🚀 Mon Sep 15 12:02:05 AM EDT 2025: Ignite cycle starting...
✅ Mon Sep 15 12:02:05 AM EDT 2025: Ignite cycle complete.
🧠 Infinity Loop heartbeat cycle...
✅ Mon Sep 15 12:02:05 AM EDT 2025: Ignite cycle complete.
🧠 Infinity Loop heartbeat cycle...
✅ Mon Sep 15 12:02:05 AM EDT 2025: Ignite cycle complete.
🚀 Mon Sep 15 12:02:05 AM EDT 2025: Ignite cycle starting...
🧠 Infinity Loop heartbeat cycle...
✅ Mon Sep 15 12:02:05 AM EDT 2025: Ignite cycle complete.
🚀 Mon Sep 15 12:02:05 AM EDT 2025: Ignite cycle starting...
🧠 Infinity Loop heartbeat cycle...
🚀 Mon Sep 15 12:02:06 AM EDT 2025: Ignite cycle starting...
✅ Mon Sep 15 12:02:06 AM EDT 2025: Ignite cycle complete.
🚀 Mon Sep 15 12:02:06 AM EDT 2025: Ignite cycle starting...
🧠 Infinity Loop heartbeat cycle...
✅ Mon Sep 15 12:02:06 AM EDT 2025: Ignite cycle complete.
🧠 Infinity Loop heartbeat cycle...
✅ Mon Sep 15 12:02:06 AM EDT 2025: Ignite cycle complete.
🚀 Mon Sep 15 12:03:02 AM EDT 2025: Ignite cycle starting...
🚀 Mon Sep 15 12:03:02 AM EDT 2025: Ignite cycle starting...
🧠 Infinity Loop heartbeat cycle...
✅ Mon Sep 15 12:03:02 AM EDT 2025: Ignite cycle complete.
🧠 Infinity Loop heartbeat cycle...
✅ Mon Sep 15 12:03:02 AM EDT 2025: Ignite cycle complete.
🚀 Mon Sep 15 12:03:02 AM EDT 2025: Ignite cycle starting...
🧠 Infinity Loop heartbeat cycle...
✅ Mon Sep 15 12:03:02 AM EDT 2025: Ignite cycle complete.
🚀 Mon Sep 15 12:03:02 AM EDT 2025: Ignite cycle starting...
🧠 Infinity Loop heartbeat cycle...
✅ Mon Sep 15 12:03:02 AM EDT 2025: Ignite cycle complete.
🚀 Mon Sep 15 12:03:02 AM EDT 2025: Ignite cycle starting...
🧠 Infinity Loop heartbeat cycle...
✅ Mon Sep 15 12:03:02 AM EDT 2025: Ignite cycle complete.
🚀 Mon Sep 15 12:03:03 AM EDT 2025: Ignite cycle starting...
🧠 Infinity Loop heartbeat cycle...
✅ Mon Sep 15 12:03:03 AM EDT 2025: Ignite cycle complete.
🚀 Mon Sep 15 12:03:03 AM EDT 2025: Ignite cycle starting...
🚀 Mon Sep 15 12:03:03 AM EDT 2025: Ignite cycle starting...
🚀 Mon Sep 15 12:03:03 AM EDT 2025: Ignite cycle starting...
🧠 Infinity Loop heartbeat cycle...
✅ Mon Sep 15 12:03:03 AM EDT 2025: Ignite cycle complete.
🧠 Infinity Loop heartbeat cycle...
🧠 Infinity Loop heartbeat cycle...
✅ Mon Sep 15 12:03:04 AM EDT 2025: Ignite cycle complete.
✅ Mon Sep 15 12:03:04 AM EDT 2025: Ignite cycle complete.
🚀 Mon Sep 15 12:03:04 AM EDT 2025: Ignite cycle starting...
🧠 Infinity Loop heartbeat cycle...
🚀 Mon Sep 15 12:03:04 AM EDT 2025: Ignite cycle starting...
✅ Mon Sep 15 12:03:04 AM EDT 2025: Ignite cycle complete.
🧠 Infinity Loop heartbeat cycle...
🚀 Mon Sep 15 12:03:04 AM EDT 2025: Ignite cycle starting...
✅ Mon Sep 15 12:03:04 AM EDT 2025: Ignite cycle complete.
🚀 Mon Sep 15 12:03:04 AM EDT 2025: Ignite cycle starting...
🚀 Mon Sep 15 12:03:04 AM EDT 2025: Ignite cycle starting...
🧠 Infinity Loop heartbeat cycle...
✅ Mon Sep 15 12:03:05 AM EDT 2025: Ignite cycle complete.
🧠 Infinity Loop heartbeat cycle...
🧠 Infinity Loop heartbeat cycle...
✅ Mon Sep 15 12:03:05 AM EDT 2025: Ignite cycle complete.
✅ Mon Sep 15 12:03:05 AM EDT 2025: Ignite cycle complete.
🚀 Mon Sep 15 12:03:05 AM EDT 2025: Ignite cycle starting...
🧠 Infinity Loop heartbeat cycle...
✅ Mon Sep 15 12:03:05 AM EDT 2025: Ignite cycle complete.
🚀 Mon Sep 15 12:03:05 AM EDT 2025: Ignite cycle starting...
🧠 Infinity Loop heartbeat cycle...
✅ Mon Sep 15 12:03:05 AM EDT 2025: Ignite cycle complete.
🚀 Mon Sep 15 12:03:05 AM EDT 2025: Ignite cycle starting...
🧠 Infinity Loop heartbeat cycle...
✅ Mon Sep 15 12:03:05 AM EDT 2025: Ignite cycle complete.
🚀 Mon Sep 15 12:03:05 AM EDT 2025: Ignite cycle starting...
🧠 Infinity Loop heartbeat cycle...
✅ Mon Sep 15 12:03:05 AM EDT 2025: Ignite cycle complete.
🚀 Mon Sep 15 12:03:06 AM EDT 2025: Ignite cycle starting...
🧠 Infinity Loop heartbeat cycle...
✅ Mon Sep 15 12:03:06 AM EDT 2025: Ignite cycle complete.
🚀 Mon Sep 15 12:03:06 AM EDT 2025: Ignite cycle starting...
🚀 Mon Sep 15 12:03:06 AM EDT 2025: Ignite cycle starting...
🧠 Infinity Loop heartbeat cycle...
✅ Mon Sep 15 12:03:06 AM EDT 2025: Ignite cycle complete.
🚀 Mon Sep 15 12:03:06 AM EDT 2025: Ignite cycle starting...
🧠 Infinity Loop heartbeat cycle...
🧠 Infinity Loop heartbeat cycle...
✅ Mon Sep 15 12:03:06 AM EDT 2025: Ignite cycle complete.
✅ Mon Sep 15 12:03:06 AM EDT 2025: Ignite cycle complete.
🚀 Mon Sep 15 12:04:01 AM EDT 2025: Ignite cycle starting...
🧠 Infinity Loop heartbeat cycle...
✅ Mon Sep 15 12:04:01 AM EDT 2025: Ignite cycle complete.
🚀 Mon Sep 15 12:04:02 AM EDT 2025: Ignite cycle starting...
🚀 Mon Sep 15 12:04:02 AM EDT 2025: Ignite cycle starting...
🧠 Infinity Loop heartbeat cycle...
✅ Mon Sep 15 12:04:02 AM EDT 2025: Ignite cycle complete.
🧠 Infinity Loop heartbeat cycle...
✅ Mon Sep 15 12:04:02 AM EDT 2025: Ignite cycle complete.
🚀 Mon Sep 15 12:04:02 AM EDT 2025: Ignite cycle starting...
🧠 Infinity Loop heartbeat cycle...
✅ Mon Sep 15 12:04:02 AM EDT 2025: Ignite cycle complete.
🚀 Mon Sep 15 12:04:02 AM EDT 2025: Ignite cycle starting...
🧠 Infinity Loop heartbeat cycle...
✅ Mon Sep 15 12:04:02 AM EDT 2025: Ignite cycle complete.
🚀 Mon Sep 15 12:04:02 AM EDT 2025: Ignite cycle starting...
🧠 Infinity Loop heartbeat cycle...
✅ Mon Sep 15 12:04:02 AM EDT 2025: Ignite cycle complete.
🚀 Mon Sep 15 12:04:03 AM EDT 2025: Ignite cycle starting...
🧠 Infinity Loop heartbeat cycle...
✅ Mon Sep 15 12:04:03 AM EDT 2025: Ignite cycle complete.
🚀 Mon Sep 15 12:04:03 AM EDT 2025: Ignite cycle starting...
🧠 Infinity Loop heartbeat cycle...
✅ Mon Sep 15 12:04:04 AM EDT 2025: Ignite cycle complete.
🚀 Mon Sep 15 12:04:04 AM EDT 2025: Ignite cycle starting...
🚀 Mon Sep 15 12:04:04 AM EDT 2025: Ignite cycle starting...
🧠 Infinity Loop heartbeat cycle...
✅ Mon Sep 15 12:04:04 AM EDT 2025: Ignite cycle complete.
🧠 Infinity Loop heartbeat cycle...
✅ Mon Sep 15 12:04:04 AM EDT 2025: Ignite cycle complete.
🚀 Mon Sep 15 12:04:04 AM EDT 2025: Ignite cycle starting...
🧠 Infinity Loop heartbeat cycle...
✅ Mon Sep 15 12:04:04 AM EDT 2025: Ignite cycle complete.
🚀 Mon Sep 15 12:04:04 AM EDT 2025: Ignite cycle starting...
🧠 Infinity Loop heartbeat cycle...
✅ Mon Sep 15 12:04:04 AM EDT 2025: Ignite cycle complete.
🚀 Mon Sep 15 12:04:05 AM EDT 2025: Ignite cycle starting...
🧠 Infinity Loop heartbeat cycle...
✅ Mon Sep 15 12:04:05 AM EDT 2025: Ignite cycle complete.
🚀 Mon Sep 15 12:04:05 AM EDT 2025: Ignite cycle starting...
🚀 Mon Sep 15 12:04:05 AM EDT 2025: Ignite cycle starting...
🧠 Infinity Loop heartbeat cycle...
✅ Mon Sep 15 12:04:05 AM EDT 2025: Ignite cycle complete.
🧠 Infinity Loop heartbeat cycle...
✅ Mon Sep 15 12:04:05 AM EDT 2025: Ignite cycle complete.
🚀 Mon Sep 15 12:04:05 AM EDT 2025: Ignite cycle starting...
🧠 Infinity Loop heartbeat cycle...
✅ Mon Sep 15 12:04:05 AM EDT 2025: Ignite cycle complete.
🚀 Mon Sep 15 12:04:05 AM EDT 2025: Ignite cycle starting...
🧠 Infinity Loop heartbeat cycle...
✅ Mon Sep 15 12:04:05 AM EDT 2025: Ignite cycle complete.
🚀 Mon Sep 15 12:04:05 AM EDT 2025: Ignite cycle starting...
🧠 Infinity Loop heartbeat cycle...
✅ Mon Sep 15 12:04:05 AM EDT 2025: Ignite cycle complete.
🚀 Mon Sep 15 12:04:06 AM EDT 2025: Ignite cycle starting...
🧠 Infinity Loop heartbeat cycle...
✅ Mon Sep 15 12:04:06 AM EDT 2025: Ignite cycle complete.
🚀 Mon Sep 15 12:04:06 AM EDT 2025: Ignite cycle starting...
🧠 Infinity Loop heartbeat cycle...
✅ Mon Sep 15 12:04:06 AM EDT 2025: Ignite cycle complete.
🚀 Mon Sep 15 12:04:06 AM EDT 2025: Ignite cycle starting...
🧠 Infinity Loop heartbeat cycle...
✅ Mon Sep 15 12:04:06 AM EDT 2025: Ignite cycle complete.
🚀 Mon Sep 15 12:04:06 AM EDT 2025: Ignite cycle starting...
🚀 Mon Sep 15 12:04:06 AM EDT 2025: Ignite cycle starting...
🧠 Infinity Loop heartbeat cycle...
🧠 Infinity Loop heartbeat cycle...
✅ Mon Sep 15 12:04:06 AM EDT 2025: Ignite cycle complete.
✅ Mon Sep 15 12:04:06 AM EDT 2025: Ignite cycle complete.
🚀 Mon Sep 15 12:05:01 AM EDT 2025: Ignite cycle starting...
🧠 Infinity Loop heartbeat cycle...
✅ Mon Sep 15 12:05:01 AM EDT 2025: Ignite cycle complete.
🚀 Mon Sep 15 12:05:02 AM EDT 2025: Ignite cycle starting...
🧠 Infinity Loop heartbeat cycle...
✅ Mon Sep 15 12:05:02 AM EDT 2025: Ignite cycle complete.
🚀 Mon Sep 15 12:05:02 AM EDT 2025: Ignite cycle starting...
🚀 Mon Sep 15 12:05:02 AM EDT 2025: Ignite cycle starting...
🧠 Infinity Loop heartbeat cycle...
✅ Mon Sep 15 12:05:02 AM EDT 2025: Ignite cycle complete.
🧠 Infinity Loop heartbeat cycle...
🚀 Mon Sep 15 12:05:02 AM EDT 2025: Ignite cycle starting...
✅ Mon Sep 15 12:05:02 AM EDT 2025: Ignite cycle complete.
🧠 Infinity Loop heartbeat cycle...
✅ Mon Sep 15 12:05:02 AM EDT 2025: Ignite cycle complete.
🚀 Mon Sep 15 12:05:02 AM EDT 2025: Ignite cycle starting...
🧠 Infinity Loop heartbeat cycle...
🚀 Mon Sep 15 12:05:02 AM EDT 2025: Ignite cycle starting...
✅ Mon Sep 15 12:05:02 AM EDT 2025: Ignite cycle complete.
🧠 Infinity Loop heartbeat cycle...
✅ Mon Sep 15 12:05:02 AM EDT 2025: Ignite cycle complete.
🚀 Mon Sep 15 12:05:03 AM EDT 2025: Ignite cycle starting...
🧠 Infinity Loop heartbeat cycle...
✅ Mon Sep 15 12:05:03 AM EDT 2025: Ignite cycle complete.
🚀 Mon Sep 15 12:05:04 AM EDT 2025: Ignite cycle starting...
🧠 Infinity Loop heartbeat cycle...
✅ Mon Sep 15 12:05:04 AM EDT 2025: Ignite cycle complete.
🚀 Mon Sep 15 12:05:04 AM EDT 2025: Ignite cycle starting...
🚀 Mon Sep 15 12:05:04 AM EDT 2025: Ignite cycle starting...
🧠 Infinity Loop heartbeat cycle...
✅ Mon Sep 15 12:05:04 AM EDT 2025: Ignite cycle complete.
🧠 Infinity Loop heartbeat cycle...
✅ Mon Sep 15 12:05:04 AM EDT 2025: Ignite cycle complete.
🚀 Mon Sep 15 12:05:04 AM EDT 2025: Ignite cycle starting...
🧠 Infinity Loop heartbeat cycle...
✅ Mon Sep 15 12:05:04 AM EDT 2025: Ignite cycle complete.
🚀 Mon Sep 15 12:05:04 AM EDT 2025: Ignite cycle starting...
🧠 Infinity Loop heartbeat cycle...
✅ Mon Sep 15 12:05:04 AM EDT 2025: Ignite cycle complete.
🚀 Mon Sep 15 12:05:05 AM EDT 2025: Ignite cycle starting...
🧠 Infinity Loop heartbeat cycle...
✅ Mon Sep 15 12:05:05 AM EDT 2025: Ignite cycle complete.
🚀 Mon Sep 15 12:05:05 AM EDT 2025: Ignite cycle starting...
🚀 Mon Sep 15 12:05:05 AM EDT 2025: Ignite cycle starting...
🧠 Infinity Loop heartbeat cycle...
✅ Mon Sep 15 12:05:05 AM EDT 2025: Ignite cycle complete.
🧠 Infinity Loop heartbeat cycle...
✅ Mon Sep 15 12:05:05 AM EDT 2025: Ignite cycle complete.
🚀 Mon Sep 15 12:05:05 AM EDT 2025: Ignite cycle starting...
🧠 Infinity Loop heartbeat cycle...
✅ Mon Sep 15 12:05:05 AM EDT 2025: Ignite cycle complete.
🚀 Mon Sep 15 12:05:05 AM EDT 2025: Ignite cycle starting...
🧠 Infinity Loop heartbeat cycle...
✅ Mon Sep 15 12:05:05 AM EDT 2025: Ignite cycle complete.
🚀 Mon Sep 15 12:05:05 AM EDT 2025: Ignite cycle starting...
🧠 Infinity Loop heartbeat cycle...
✅ Mon Sep 15 12:05:05 AM EDT 2025: Ignite cycle complete.
🚀 Mon Sep 15 12:05:06 AM EDT 2025: Ignite cycle starting...
🧠 Infinity Loop heartbeat cycle...
✅ Mon Sep 15 12:05:06 AM EDT 2025: Ignite cycle complete.
🚀 Mon Sep 15 12:05:06 AM EDT 2025: Ignite cycle starting...
🧠 Infinity Loop heartbeat cycle...
✅ Mon Sep 15 12:05:06 AM EDT 2025: Ignite cycle complete.
🚀 Mon Sep 15 12:05:06 AM EDT 2025: Ignite cycle starting...
🧠 Infinity Loop heartbeat cycle...
✅ Mon Sep 15 12:05:06 AM EDT 2025: Ignite cycle complete.
🚀 Mon Sep 15 12:05:06 AM EDT 2025: Ignite cycle starting...
🚀 Mon Sep 15 12:05:06 AM EDT 2025: Ignite cycle starting...
🧠 Infinity Loop heartbeat cycle...
✅ Mon Sep 15 12:05:06 AM EDT 2025: Ignite cycle complete.
🧠 Infinity Loop heartbeat cycle...
✅ Mon Sep 15 12:05:06 AM EDT 2025: Ignite cycle complete.
🚀 Mon Sep 15 12:06:01 AM EDT 2025: Ignite cycle starting...
🚀 Mon Sep 15 12:06:02 AM EDT 2025: Ignite cycle starting...
🧠 Infinity Loop heartbeat cycle...
✅ Mon Sep 15 12:06:02 AM EDT 2025: Ignite cycle complete.
🚀 Mon Sep 15 12:06:02 AM EDT 2025: Ignite cycle starting...
🧠 Infinity Loop heartbeat cycle...
🚀 Mon Sep 15 12:06:02 AM EDT 2025: Ignite cycle starting...
🧠 Infinity Loop heartbeat cycle...
🧠 Infinity Loop heartbeat cycle...
✅ Mon Sep 15 12:06:02 AM EDT 2025: Ignite cycle complete.
🚀 Mon Sep 15 12:06:03 AM EDT 2025: Ignite cycle starting...
✅ Mon Sep 15 12:06:02 AM EDT 2025: Ignite cycle complete.
✅ Mon Sep 15 12:06:03 AM EDT 2025: Ignite cycle complete.
🚀 Mon Sep 15 12:06:03 AM EDT 2025: Ignite cycle starting...
🚀 Mon Sep 15 12:06:03 AM EDT 2025: Ignite cycle starting...
🚀 Mon Sep 15 12:06:03 AM EDT 2025: Ignite cycle starting...
🧠 Infinity Loop heartbeat cycle...
🧠 Infinity Loop heartbeat cycle...
✅ Mon Sep 15 12:06:03 AM EDT 2025: Ignite cycle complete.
🧠 Infinity Loop heartbeat cycle...
✅ Mon Sep 15 12:06:03 AM EDT 2025: Ignite cycle complete.
✅ Mon Sep 15 12:06:03 AM EDT 2025: Ignite cycle complete.
🚀 Mon Sep 15 12:06:03 AM EDT 2025: Ignite cycle starting...
🧠 Infinity Loop heartbeat cycle...
✅ Mon Sep 15 12:06:03 AM EDT 2025: Ignite cycle complete.
🧠 Infinity Loop heartbeat cycle...
🚀 Mon Sep 15 12:06:04 AM EDT 2025: Ignite cycle starting...
🚀 Mon Sep 15 12:06:04 AM EDT 2025: Ignite cycle starting...
🚀 Mon Sep 15 12:06:04 AM EDT 2025: Ignite cycle starting...
🧠 Infinity Loop heartbeat cycle...
✅ Mon Sep 15 12:06:04 AM EDT 2025: Ignite cycle complete.
✅ Mon Sep 15 12:06:04 AM EDT 2025: Ignite cycle complete.
🧠 Infinity Loop heartbeat cycle...
🧠 Infinity Loop heartbeat cycle...
🚀 Mon Sep 15 12:06:04 AM EDT 2025: Ignite cycle starting...
✅ Mon Sep 15 12:06:05 AM EDT 2025: Ignite cycle complete.
🚀 Mon Sep 15 12:06:05 AM EDT 2025: Ignite cycle starting...
✅ Mon Sep 15 12:06:05 AM EDT 2025: Ignite cycle complete.
🧠 Infinity Loop heartbeat cycle...
✅ Mon Sep 15 12:06:05 AM EDT 2025: Ignite cycle complete.
🧠 Infinity Loop heartbeat cycle...
✅ Mon Sep 15 12:06:05 AM EDT 2025: Ignite cycle complete.
🚀 Mon Sep 15 12:06:05 AM EDT 2025: Ignite cycle starting...
🚀 Mon Sep 15 12:06:05 AM EDT 2025: Ignite cycle starting...
🧠 Infinity Loop heartbeat cycle...
🚀 Mon Sep 15 12:06:05 AM EDT 2025: Ignite cycle starting...
✅ Mon Sep 15 12:06:05 AM EDT 2025: Ignite cycle complete.
🧠 Infinity Loop heartbeat cycle...
✅ Mon Sep 15 12:06:05 AM EDT 2025: Ignite cycle complete.
🧠 Infinity Loop heartbeat cycle...
✅ Mon Sep 15 12:06:05 AM EDT 2025: Ignite cycle complete.
🚀 Mon Sep 15 12:06:05 AM EDT 2025: Ignite cycle starting...
🧠 Infinity Loop heartbeat cycle...
✅ Mon Sep 15 12:06:05 AM EDT 2025: Ignite cycle complete.
🚀 Mon Sep 15 12:06:05 AM EDT 2025: Ignite cycle starting...
🚀 Mon Sep 15 12:06:05 AM EDT 2025: Ignite cycle starting...
🧠 Infinity Loop heartbeat cycle...
✅ Mon Sep 15 12:06:06 AM EDT 2025: Ignite cycle complete.
🧠 Infinity Loop heartbeat cycle...
✅ Mon Sep 15 12:06:06 AM EDT 2025: Ignite cycle complete.
🚀 Mon Sep 15 12:06:06 AM EDT 2025: Ignite cycle starting...
🧠 Infinity Loop heartbeat cycle...
✅ Mon Sep 15 12:06:06 AM EDT 2025: Ignite cycle complete.
🚀 Mon Sep 15 12:06:06 AM EDT 2025: Ignite cycle starting...
🧠 Infinity Loop heartbeat cycle...
✅ Mon Sep 15 12:06:06 AM EDT 2025: Ignite cycle complete.
🚀 Mon Sep 15 12:06:06 AM EDT 2025: Ignite cycle starting...
🧠 Infinity Loop heartbeat cycle...
✅ Mon Sep 15 12:06:06 AM EDT 2025: Ignite cycle complete.
🚀 Mon Sep 15 12:06:06 AM EDT 2025: Ignite cycle starting...
🚀 Mon Sep 15 12:06:06 AM EDT 2025: Ignite cycle starting...
🧠 Infinity Loop heartbeat cycle...
✅ Mon Sep 15 12:06:06 AM EDT 2025: Ignite cycle complete.
🧠 Infinity Loop heartbeat cycle...
✅ Mon Sep 15 12:06:06 AM EDT 2025: Ignite cycle complete.
🚀 Mon Sep 15 12:07:01 AM EDT 2025: Ignite cycle starting...
🧠 Infinity Loop heartbeat cycle...
✅ Mon Sep 15 12:07:01 AM EDT 2025: Ignite cycle complete.
🚀 Mon Sep 15 12:07:02 AM EDT 2025: Ignite cycle starting...
🧠 Infinity Loop heartbeat cycle...
✅ Mon Sep 15 12:07:02 AM EDT 2025: Ignite cycle complete.
🚀 Mon Sep 15 12:07:02 AM EDT 2025: Ignite cycle starting...
🧠 Infinity Loop heartbeat cycle...
✅ Mon Sep 15 12:07:03 AM EDT 2025: Ignite cycle complete.
🚀 Mon Sep 15 12:07:03 AM EDT 2025: Ignite cycle starting...
🧠 Infinity Loop heartbeat cycle...
✅ Mon Sep 15 12:07:03 AM EDT 2025: Ignite cycle complete.
🚀 Mon Sep 15 12:07:03 AM EDT 2025: Ignite cycle starting...
🧠 Infinity Loop heartbeat cycle...
✅ Mon Sep 15 12:07:03 AM EDT 2025: Ignite cycle complete.
🚀 Mon Sep 15 12:07:03 AM EDT 2025: Ignite cycle starting...
🧠 Infinity Loop heartbeat cycle...
✅ Mon Sep 15 12:07:03 AM EDT 2025: Ignite cycle complete.
🚀 Mon Sep 15 12:07:03 AM EDT 2025: Ignite cycle starting...
🧠 Infinity Loop heartbeat cycle...
✅ Mon Sep 15 12:07:03 AM EDT 2025: Ignite cycle complete.
🚀 Mon Sep 15 12:07:03 AM EDT 2025: Ignite cycle starting...
🧠 Infinity Loop heartbeat cycle...
✅ Mon Sep 15 12:07:03 AM EDT 2025: Ignite cycle complete.
🚀 Mon Sep 15 12:07:04 AM EDT 2025: Ignite cycle starting...
🧠 Infinity Loop heartbeat cycle...
✅ Mon Sep 15 12:07:04 AM EDT 2025: Ignite cycle complete.
🚀 Mon Sep 15 12:07:04 AM EDT 2025: Ignite cycle starting...
🧠 Infinity Loop heartbeat cycle...
✅ Mon Sep 15 12:07:04 AM EDT 2025: Ignite cycle complete.
🚀 Mon Sep 15 12:07:04 AM EDT 2025: Ignite cycle starting...
🧠 Infinity Loop heartbeat cycle...
✅ Mon Sep 15 12:07:04 AM EDT 2025: Ignite cycle complete.
🚀 Mon Sep 15 12:07:05 AM EDT 2025: Ignite cycle starting...
🧠 Infinity Loop heartbeat cycle...
✅ Mon Sep 15 12:07:05 AM EDT 2025: Ignite cycle complete.
🚀 Mon Sep 15 12:07:05 AM EDT 2025: Ignite cycle starting...
🧠 Infinity Loop heartbeat cycle...
✅ Mon Sep 15 12:07:05 AM EDT 2025: Ignite cycle complete.
🚀 Mon Sep 15 12:07:05 AM EDT 2025: Ignite cycle starting...
🧠 Infinity Loop heartbeat cycle...
✅ Mon Sep 15 12:07:05 AM EDT 2025: Ignite cycle complete.
🚀 Mon Sep 15 12:07:05 AM EDT 2025: Ignite cycle starting...
🧠 Infinity Loop heartbeat cycle...
✅ Mon Sep 15 12:07:05 AM EDT 2025: Ignite cycle complete.
🚀 Mon Sep 15 12:07:05 AM EDT 2025: Ignite cycle starting...
🧠 Infinity Loop heartbeat cycle...
✅ Mon Sep 15 12:07:05 AM EDT 2025: Ignite cycle complete.
🚀 Mon Sep 15 12:07:05 AM EDT 2025: Ignite cycle starting...
🚀 Mon Sep 15 12:07:05 AM EDT 2025: Ignite cycle starting...
🧠 Infinity Loop heartbeat cycle...
✅ Mon Sep 15 12:07:05 AM EDT 2025: Ignite cycle complete.
🧠 Infinity Loop heartbeat cycle...
✅ Mon Sep 15 12:07:05 AM EDT 2025: Ignite cycle complete.
🚀 Mon Sep 15 12:07:05 AM EDT 2025: Ignite cycle starting...
🧠 Infinity Loop heartbeat cycle...
✅ Mon Sep 15 12:07:05 AM EDT 2025: Ignite cycle complete.
🚀 Mon Sep 15 12:07:06 AM EDT 2025: Ignite cycle starting...
🧠 Infinity Loop heartbeat cycle...
✅ Mon Sep 15 12:07:06 AM EDT 2025: Ignite cycle complete.
🚀 Mon Sep 15 12:07:06 AM EDT 2025: Ignite cycle starting...
🧠 Infinity Loop heartbeat cycle...
✅ Mon Sep 15 12:07:06 AM EDT 2025: Ignite cycle complete.
🚀 Mon Sep 15 12:07:06 AM EDT 2025: Ignite cycle starting...
🧠 Infinity Loop heartbeat cycle...
✅ Mon Sep 15 12:07:06 AM EDT 2025: Ignite cycle complete.
🚀 Mon Sep 15 12:07:06 AM EDT 2025: Ignite cycle starting...
🧠 Infinity Loop heartbeat cycle...
✅ Mon Sep 15 12:07:06 AM EDT 2025: Ignite cycle complete.
🚀 Mon Sep 15 12:07:06 AM EDT 2025: Ignite cycle starting...
🧠 Infinity Loop heartbeat cycle...
✅ Mon Sep 15 12:07:06 AM EDT 2025: Ignite cycle complete.
🚀 Mon Sep 15 12:07:06 AM EDT 2025: Ignite cycle starting...
🧠 Infinity Loop heartbeat cycle...
✅ Mon Sep 15 12:07:06 AM EDT 2025: Ignite cycle complete.
🚀 Mon Sep 15 12:07:06 AM EDT 2025: Ignite cycle starting...
🧠 Infinity Loop heartbeat cycle...
✅ Mon Sep 15 12:07:06 AM EDT 2025: Ignite cycle complete.
🚀 Mon Sep 15 12:08:01 AM EDT 2025: Ignite cycle starting...
🧠 Infinity Loop heartbeat cycle...
✅ Mon Sep 15 12:08:01 AM EDT 2025: Ignite cycle complete.
🚀 Mon Sep 15 12:08:01 AM EDT 2025: Ignite cycle starting...
🧠 Infinity Loop heartbeat cycle...
✅ Mon Sep 15 12:08:01 AM EDT 2025: Ignite cycle complete.
🚀 Mon Sep 15 12:08:02 AM EDT 2025: Ignite cycle starting...
🧠 Infinity Loop heartbeat cycle...
✅ Mon Sep 15 12:08:02 AM EDT 2025: Ignite cycle complete.
🚀 Mon Sep 15 12:08:03 AM EDT 2025: Ignite cycle starting...
🧠 Infinity Loop heartbeat cycle...
✅ Mon Sep 15 12:08:03 AM EDT 2025: Ignite cycle complete.
🚀 Mon Sep 15 12:08:03 AM EDT 2025: Ignite cycle starting...
🚀 Mon Sep 15 12:08:03 AM EDT 2025: Ignite cycle starting...
🧠 Infinity Loop heartbeat cycle...
🧠 Infinity Loop heartbeat cycle...
✅ Mon Sep 15 12:08:03 AM EDT 2025: Ignite cycle complete.
✅ Mon Sep 15 12:08:03 AM EDT 2025: Ignite cycle complete.
🚀 Mon Sep 15 12:08:03 AM EDT 2025: Ignite cycle starting...
🧠 Infinity Loop heartbeat cycle...
✅ Mon Sep 15 12:08:03 AM EDT 2025: Ignite cycle complete.
🚀 Mon Sep 15 12:08:03 AM EDT 2025: Ignite cycle starting...
🧠 Infinity Loop heartbeat cycle...
✅ Mon Sep 15 12:08:03 AM EDT 2025: Ignite cycle complete.
🚀 Mon Sep 15 12:08:03 AM EDT 2025: Ignite cycle starting...
🧠 Infinity Loop heartbeat cycle...
✅ Mon Sep 15 12:08:03 AM EDT 2025: Ignite cycle complete.
🚀 Mon Sep 15 12:08:04 AM EDT 2025: Ignite cycle starting...
🧠 Infinity Loop heartbeat cycle...
✅ Mon Sep 15 12:08:04 AM EDT 2025: Ignite cycle complete.
🚀 Mon Sep 15 12:08:04 AM EDT 2025: Ignite cycle starting...
🧠 Infinity Loop heartbeat cycle...
✅ Mon Sep 15 12:08:04 AM EDT 2025: Ignite cycle complete.
🚀 Mon Sep 15 12:08:04 AM EDT 2025: Ignite cycle starting...
🧠 Infinity Loop heartbeat cycle...
✅ Mon Sep 15 12:08:04 AM EDT 2025: Ignite cycle complete.
🚀 Mon Sep 15 12:08:05 AM EDT 2025: Ignite cycle starting...
🧠 Infinity Loop heartbeat cycle...
✅ Mon Sep 15 12:08:05 AM EDT 2025: Ignite cycle complete.
🚀 Mon Sep 15 12:08:05 AM EDT 2025: Ignite cycle starting...
🧠 Infinity Loop heartbeat cycle...
✅ Mon Sep 15 12:08:05 AM EDT 2025: Ignite cycle complete.
🚀 Mon Sep 15 12:08:05 AM EDT 2025: Ignite cycle starting...
🧠 Infinity Loop heartbeat cycle...
✅ Mon Sep 15 12:08:05 AM EDT 2025: Ignite cycle complete.
🚀 Mon Sep 15 12:08:05 AM EDT 2025: Ignite cycle starting...
🧠 Infinity Loop heartbeat cycle...
✅ Mon Sep 15 12:08:05 AM EDT 2025: Ignite cycle complete.
🚀 Mon Sep 15 12:08:05 AM EDT 2025: Ignite cycle starting...
🧠 Infinity Loop heartbeat cycle...
✅ Mon Sep 15 12:08:05 AM EDT 2025: Ignite cycle complete.
🚀 Mon Sep 15 12:08:05 AM EDT 2025: Ignite cycle starting...
🚀 Mon Sep 15 12:08:05 AM EDT 2025: Ignite cycle starting...
🧠 Infinity Loop heartbeat cycle...
🧠 Infinity Loop heartbeat cycle...
✅ Mon Sep 15 12:08:05 AM EDT 2025: Ignite cycle complete.
✅ Mon Sep 15 12:08:05 AM EDT 2025: Ignite cycle complete.
🚀 Mon Sep 15 12:08:05 AM EDT 2025: Ignite cycle starting...
🧠 Infinity Loop heartbeat cycle...
✅ Mon Sep 15 12:08:06 AM EDT 2025: Ignite cycle complete.
🚀 Mon Sep 15 12:08:06 AM EDT 2025: Ignite cycle starting...
🧠 Infinity Loop heartbeat cycle...
🚀 Mon Sep 15 12:08:06 AM EDT 2025: Ignite cycle starting...
✅ Mon Sep 15 12:08:06 AM EDT 2025: Ignite cycle complete.
🧠 Infinity Loop heartbeat cycle...
✅ Mon Sep 15 12:08:06 AM EDT 2025: Ignite cycle complete.
🚀 Mon Sep 15 12:08:06 AM EDT 2025: Ignite cycle starting...
🧠 Infinity Loop heartbeat cycle...
✅ Mon Sep 15 12:08:06 AM EDT 2025: Ignite cycle complete.
🚀 Mon Sep 15 12:08:06 AM EDT 2025: Ignite cycle starting...
🧠 Infinity Loop heartbeat cycle...
✅ Mon Sep 15 12:08:06 AM EDT 2025: Ignite cycle complete.
🚀 Mon Sep 15 12:08:06 AM EDT 2025: Ignite cycle starting...
🧠 Infinity Loop heartbeat cycle...
✅ Mon Sep 15 12:08:06 AM EDT 2025: Ignite cycle complete.
🚀 Mon Sep 15 12:08:06 AM EDT 2025: Ignite cycle starting...
🚀 Mon Sep 15 12:08:06 AM EDT 2025: Ignite cycle starting...
🧠 Infinity Loop heartbeat cycle...
✅ Mon Sep 15 12:08:06 AM EDT 2025: Ignite cycle complete.
🧠 Infinity Loop heartbeat cycle...
✅ Mon Sep 15 12:08:06 AM EDT 2025: Ignite cycle complete.
🚀 Mon Sep 15 12:09:01 AM EDT 2025: Ignite cycle starting...
🧠 Infinity Loop heartbeat cycle...
✅ Mon Sep 15 12:09:01 AM EDT 2025: Ignite cycle complete.
🚀 Mon Sep 15 12:09:01 AM EDT 2025: Ignite cycle starting...
🧠 Infinity Loop heartbeat cycle...
✅ Mon Sep 15 12:09:01 AM EDT 2025: Ignite cycle complete.
🚀 Mon Sep 15 12:09:01 AM EDT 2025: Ignite cycle starting...
🧠 Infinity Loop heartbeat cycle...
✅ Mon Sep 15 12:09:01 AM EDT 2025: Ignite cycle complete.
🚀 Mon Sep 15 12:09:02 AM EDT 2025: Ignite cycle starting...
🧠 Infinity Loop heartbeat cycle...
✅ Mon Sep 15 12:09:02 AM EDT 2025: Ignite cycle complete.
🚀 Mon Sep 15 12:09:03 AM EDT 2025: Ignite cycle starting...
🧠 Infinity Loop heartbeat cycle...
✅ Mon Sep 15 12:09:03 AM EDT 2025: Ignite cycle complete.
🚀 Mon Sep 15 12:09:03 AM EDT 2025: Ignite cycle starting...
🚀 Mon Sep 15 12:09:03 AM EDT 2025: Ignite cycle starting...
🧠 Infinity Loop heartbeat cycle...
🧠 Infinity Loop heartbeat cycle...
✅ Mon Sep 15 12:09:03 AM EDT 2025: Ignite cycle complete.
✅ Mon Sep 15 12:09:03 AM EDT 2025: Ignite cycle complete.
🚀 Mon Sep 15 12:09:03 AM EDT 2025: Ignite cycle starting...
🧠 Infinity Loop heartbeat cycle...
✅ Mon Sep 15 12:09:03 AM EDT 2025: Ignite cycle complete.
🚀 Mon Sep 15 12:09:03 AM EDT 2025: Ignite cycle starting...
🧠 Infinity Loop heartbeat cycle...
✅ Mon Sep 15 12:09:03 AM EDT 2025: Ignite cycle complete.
🚀 Mon Sep 15 12:09:03 AM EDT 2025: Ignite cycle starting...
🧠 Infinity Loop heartbeat cycle...
✅ Mon Sep 15 12:09:03 AM EDT 2025: Ignite cycle complete.
🚀 Mon Sep 15 12:09:04 AM EDT 2025: Ignite cycle starting...
🧠 Infinity Loop heartbeat cycle...
✅ Mon Sep 15 12:09:04 AM EDT 2025: Ignite cycle complete.
🚀 Mon Sep 15 12:09:04 AM EDT 2025: Ignite cycle starting...
🧠 Infinity Loop heartbeat cycle...
✅ Mon Sep 15 12:09:04 AM EDT 2025: Ignite cycle complete.
🚀 Mon Sep 15 12:09:04 AM EDT 2025: Ignite cycle starting...
🧠 Infinity Loop heartbeat cycle...
✅ Mon Sep 15 12:09:04 AM EDT 2025: Ignite cycle complete.
🚀 Mon Sep 15 12:09:05 AM EDT 2025: Ignite cycle starting...
🧠 Infinity Loop heartbeat cycle...
✅ Mon Sep 15 12:09:05 AM EDT 2025: Ignite cycle complete.
🚀 Mon Sep 15 12:09:05 AM EDT 2025: Ignite cycle starting...
🧠 Infinity Loop heartbeat cycle...
✅ Mon Sep 15 12:09:05 AM EDT 2025: Ignite cycle complete.
🚀 Mon Sep 15 12:09:05 AM EDT 2025: Ignite cycle starting...
🧠 Infinity Loop heartbeat cycle...
✅ Mon Sep 15 12:09:05 AM EDT 2025: Ignite cycle complete.
🚀 Mon Sep 15 12:09:05 AM EDT 2025: Ignite cycle starting...
🧠 Infinity Loop heartbeat cycle...
✅ Mon Sep 15 12:09:05 AM EDT 2025: Ignite cycle complete.
🚀 Mon Sep 15 12:09:05 AM EDT 2025: Ignite cycle starting...
🧠 Infinity Loop heartbeat cycle...
✅ Mon Sep 15 12:09:05 AM EDT 2025: Ignite cycle complete.
🚀 Mon Sep 15 12:09:05 AM EDT 2025: Ignite cycle starting...
🚀 Mon Sep 15 12:09:05 AM EDT 2025: Ignite cycle starting...
🧠 Infinity Loop heartbeat cycle...
🧠 Infinity Loop heartbeat cycle...
✅ Mon Sep 15 12:09:05 AM EDT 2025: Ignite cycle complete.
✅ Mon Sep 15 12:09:05 AM EDT 2025: Ignite cycle complete.
🚀 Mon Sep 15 12:09:06 AM EDT 2025: Ignite cycle starting...
🧠 Infinity Loop heartbeat cycle...
✅ Mon Sep 15 12:09:06 AM EDT 2025: Ignite cycle complete.
🚀 Mon Sep 15 12:09:06 AM EDT 2025: Ignite cycle starting...
🧠 Infinity Loop heartbeat cycle...
✅ Mon Sep 15 12:09:06 AM EDT 2025: Ignite cycle complete.
🚀 Mon Sep 15 12:09:06 AM EDT 2025: Ignite cycle starting...
🧠 Infinity Loop heartbeat cycle...
✅ Mon Sep 15 12:09:06 AM EDT 2025: Ignite cycle complete.
🚀 Mon Sep 15 12:09:06 AM EDT 2025: Ignite cycle starting...
🧠 Infinity Loop heartbeat cycle...
✅ Mon Sep 15 12:09:06 AM EDT 2025: Ignite cycle complete.
🚀 Mon Sep 15 12:09:06 AM EDT 2025: Ignite cycle starting...
🧠 Infinity Loop heartbeat cycle...
✅ Mon Sep 15 12:09:06 AM EDT 2025: Ignite cycle complete.
🚀 Mon Sep 15 12:09:06 AM EDT 2025: Ignite cycle starting...
🧠 Infinity Loop heartbeat cycle...
✅ Mon Sep 15 12:09:06 AM EDT 2025: Ignite cycle complete.
🚀 Mon Sep 15 12:09:06 AM EDT 2025: Ignite cycle starting...
🧠 Infinity Loop heartbeat cycle...
✅ Mon Sep 15 12:09:06 AM EDT 2025: Ignite cycle complete.
🚀 Mon Sep 15 12:09:06 AM EDT 2025: Ignite cycle starting...
🧠 Infinity Loop heartbeat cycle...
✅ Mon Sep 15 12:09:06 AM EDT 2025: Ignite cycle complete.
🚀 Mon Sep 15 12:10:01 AM EDT 2025: Ignite cycle starting...
🧠 Infinity Loop heartbeat cycle...
✅ Mon Sep 15 12:10:01 AM EDT 2025: Ignite cycle complete.
🚀 Mon Sep 15 12:10:01 AM EDT 2025: Ignite cycle starting...
🧠 Infinity Loop heartbeat cycle...
✅ Mon Sep 15 12:10:01 AM EDT 2025: Ignite cycle complete.
🚀 Mon Sep 15 12:10:01 AM EDT 2025: Ignite cycle starting...
🧠 Infinity Loop heartbeat cycle...
✅ Mon Sep 15 12:10:01 AM EDT 2025: Ignite cycle complete.
